<<<<<<< HEAD
SUCCESS: The process "EXCEL.EXE" with PID 14948 has been terminated.
SUCCESS: The process "EXCEL.EXE" with PID 18416 has been terminated.
SUCCESS: The process "EXCEL.EXE" with PID 9420 has been terminated.
SUCCESS: The process "EXCEL.EXE" with PID 13220 has been terminated.
SUCCESS: The process "EXCEL.EXE" with PID 24132 has been terminated.
SUCCESS: The process "EXCEL.EXE" with PID 15228 has been terminated.
SUCCESS: The process "EXCEL.EXE" with PID 6592 has been terminated.
SUCCESS: The process "EXCEL.EXE" with PID 1728 has been terminated.
SUCCESS: The process "EXCEL.EXE" with PID 16708 has been terminated.
SUCCESS: The process "EXCEL.EXE" with PID 5036 has been terminated.
SUCCESS: The process "EXCEL.EXE" with PID 7536 has been terminated.
SUCCESS: The process "EXCEL.EXE" with PID 3336 has been terminated.
SUCCESS: The process "EXCEL.EXE" with PID 5492 has been terminated.
SUCCESS: The process "EXCEL.EXE" with PID 11944 has been terminated.
SUCCESS: The process "EXCEL.EXE" with PID 15264 has been terminated.
SUCCESS: The process "EXCEL.EXE" with PID 17648 has been terminated.
SUCCESS: The process "EXCEL.EXE" with PID 23604 has been terminated.
SUCCESS: The process "EXCEL.EXE" with PID 18240 has been terminated.
SUCCESS: The process "EXCEL.EXE" with PID 12516 has been terminated.
SUCCESS: The process "EXCEL.EXE" with PID 21656 has been terminated.
SUCCESS: The process "EXCEL.EXE" with PID 15136 has been terminated.
SUCCESS: The process "EXCEL.EXE" with PID 14700 has been terminated.
SUCCESS: The process "EXCEL.EXE" with PID 17736 has been terminated.
SUCCESS: The process "EXCEL.EXE" with PID 10832 has been terminated.
SUCCESS: The process "EXCEL.EXE" with PID 22008 has been terminated.
SUCCESS: The process "EXCEL.EXE" with PID 20120 has been terminated.
SUCCESS: The process "EXCEL.EXE" with PID 22012 has been terminated.
SUCCESS: The process "EXCEL.EXE" with PID 23544 has been terminated.
SUCCESS: The process "EXCEL.EXE" with PID 24036 has been terminated.
SUCCESS: The process "EXCEL.EXE" with PID 7672 has been terminated.
SUCCESS: The process "EXCEL.EXE" with PID 5576 has been terminated.
SUCCESS: The process "EXCEL.EXE" with PID 20984 has been terminated.
SUCCESS: The process "EXCEL.EXE" with PID 22616 has been terminated.
SUCCESS: The process "EXCEL.EXE" with PID 6464 has been terminated.
SUCCESS: The process "EXCEL.EXE" with PID 9028 has been terminated.
SUCCESS: The process "EXCEL.EXE" with PID 16052 has been terminated.
SUCCESS: The process "EXCEL.EXE" with PID 792 has been terminated.
SUCCESS: The process "EXCEL.EXE" with PID 22040 has been terminated.
SUCCESS: The process "EXCEL.EXE" with PID 24476 has been terminated.
SUCCESS: The process "EXCEL.EXE" with PID 9984 has been terminated.
SUCCESS: The process "EXCEL.EXE" with PID 17448 has been terminated.
SUCCESS: The process "EXCEL.EXE" with PID 7156 has been terminated.
<<<<<<< HEAD
SUCCESS: The process "EXCEL.EXE" with PID 24556 has been terminated.
SUCCESS: The process "EXCEL.EXE" with PID 24572 has been terminated.
SUCCESS: The process "EXCEL.EXE" with PID 18300 has been terminated.
=======
=======
Correcto: se termin¢ el proceso "EXCEL.EXE" con PID 4480.
Correcto: se termin¢ el proceso "EXCEL.EXE" con PID 12092.
Correcto: se termin¢ el proceso "EXCEL.EXE" con PID 13532.
Correcto: se termin¢ el proceso "EXCEL.EXE" con PID 15808.
Correcto: se termin¢ el proceso "EXCEL.EXE" con PID 27568.
Correcto: se termin¢ el proceso "EXCEL.EXE" con PID 21516.
Correcto: se termin¢ el proceso "EXCEL.EXE" con PID 15780.
Correcto: se termin¢ el proceso "EXCEL.EXE" con PID 15776.
Correcto: se termin¢ el proceso "EXCEL.EXE" con PID 22644.
Correcto: se termin¢ el proceso "EXCEL.EXE" con PID 8380.
Correcto: se termin¢ el proceso "EXCEL.EXE" con PID 24792.
Correcto: se termin¢ el proceso "EXCEL.EXE" con PID 11608.
Correcto: se termin¢ el proceso "EXCEL.EXE" con PID 27540.
>>>>>>> Update Comp_Hand
>>>>>>> Update Comp Hand
<<<<<<< HEAD
Correcto: se termin¢ el proceso "EXCEL.EXE" con PID 25592.
Correcto: se termin¢ el proceso "EXCEL.EXE" con PID 19352.
Correcto: se termin¢ el proceso "EXCEL.EXE" con PID 28004.
Correcto: se termin¢ el proceso "EXCEL.EXE" con PID 9532.
Correcto: se termin¢ el proceso "EXCEL.EXE" con PID 9280.
Correcto: se termin¢ el proceso "EXCEL.EXE" con PID 33368.
Correcto: se termin¢ el proceso "EXCEL.EXE" con PID 3328.
Correcto: se termin¢ el proceso "EXCEL.EXE" con PID 8116.
Correcto: se termin¢ el proceso "EXCEL.EXE" con PID 2504.
Correcto: se termin¢ el proceso "EXCEL.EXE" con PID 29100.
Correcto: se termin¢ el proceso "EXCEL.EXE" con PID 33608.
Correcto: se termin¢ el proceso "EXCEL.EXE" con PID 23820.
Correcto: se termin¢ el proceso "EXCEL.EXE" con PID 31496.
Correcto: se termin¢ el proceso "EXCEL.EXE" con PID 4316.
Correcto: se termin¢ el proceso "EXCEL.EXE" con PID 31952.
Correcto: se termin¢ el proceso "EXCEL.EXE" con PID 34092.
Correcto: se termin¢ el proceso "EXCEL.EXE" con PID 39076.
Correcto: se termin¢ el proceso "EXCEL.EXE" con PID 3640.
Correcto: se termin¢ el proceso "EXCEL.EXE" con PID 24232.
Correcto: se termin¢ el proceso "EXCEL.EXE" con PID 34708.
Correcto: se termin¢ el proceso "EXCEL.EXE" con PID 19372.
Correcto: se termin¢ el proceso "EXCEL.EXE" con PID 42928.
Correcto: se termin¢ el proceso "EXCEL.EXE" con PID 37728.
Correcto: se termin¢ el proceso "EXCEL.EXE" con PID 17676.
Correcto: se termin¢ el proceso "EXCEL.EXE" con PID 28668.
Correcto: se termin¢ el proceso "EXCEL.EXE" con PID 14184.
Correcto: se termin¢ el proceso "EXCEL.EXE" con PID 9380.
Correcto: se termin¢ el proceso "EXCEL.EXE" con PID 29196.
Correcto: se termin¢ el proceso "EXCEL.EXE" con PID 35140.
Correcto: se termin¢ el proceso "EXCEL.EXE" con PID 34104.
Correcto: se termin¢ el proceso "EXCEL.EXE" con PID 19448.
Correcto: se termin¢ el proceso "EXCEL.EXE" con PID 19744.
Correcto: se termin¢ el proceso "EXCEL.EXE" con PID 39948.
Correcto: se termin¢ el proceso "EXCEL.EXE" con PID 4664.
Correcto: se termin¢ el proceso "EXCEL.EXE" con PID 40440.
Correcto: se termin¢ el proceso "EXCEL.EXE" con PID 32736.
Correcto: se termin¢ el proceso "EXCEL.EXE" con PID 36852.
Correcto: se termin¢ el proceso "EXCEL.EXE" con PID 22140.
Correcto: se termin¢ el proceso "EXCEL.EXE" con PID 38392.
Correcto: se termin¢ el proceso "EXCEL.EXE" con PID 27092.
Correcto: se termin¢ el proceso "EXCEL.EXE" con PID 20556.
Correcto: se termin¢ el proceso "EXCEL.EXE" con PID 22364.
Correcto: se termin¢ el proceso "EXCEL.EXE" con PID 27808.
Correcto: se termin¢ el proceso "EXCEL.EXE" con PID 14140.
Correcto: se termin¢ el proceso "EXCEL.EXE" con PID 26272.
Correcto: se termin¢ el proceso "EXCEL.EXE" con PID 31272.
Correcto: se termin¢ el proceso "EXCEL.EXE" con PID 17460.
Correcto: se termin¢ el proceso "EXCEL.EXE" con PID 30532.
Correcto: se termin¢ el proceso "EXCEL.EXE" con PID 42668.
Correcto: se termin¢ el proceso "EXCEL.EXE" con PID 29596.
Correcto: se termin¢ el proceso "EXCEL.EXE" con PID 12860.
Correcto: se termin¢ el proceso "EXCEL.EXE" con PID 8508.
=======
SUCCESS: The process "EXCEL.EXE" with PID 8636 has been terminated.
SUCCESS: The process "EXCEL.EXE" with PID 12892 has been terminated.
SUCCESS: The process "EXCEL.EXE" with PID 1004 has been terminated.
SUCCESS: The process "EXCEL.EXE" with PID 15520 has been terminated.
>>>>>>> Updated scripts of prog sess det tab and UDS .json files updated
SUCCESS: The process "EXCEL.EXE" with PID 20592 has been terminated.
SUCCESS: The process "EXCEL.EXE" with PID 17188 has been terminated.
SUCCESS: The process "EXCEL.EXE" with PID 16272 has been terminated.
SUCCESS: The process "EXCEL.EXE" with PID 23624 has been terminated.
SUCCESS: The process "EXCEL.EXE" with PID 35896 has been terminated.
SUCCESS: The process "EXCEL.EXE" with PID 34948 has been terminated.
SUCCESS: The process "EXCEL.EXE" with PID 39848 has been terminated.
SUCCESS: The process "EXCEL.EXE" with PID 42964 has been terminated.
SUCCESS: The process "EXCEL.EXE" with PID 41584 has been terminated.
SUCCESS: The process "EXCEL.EXE" with PID 42164 has been terminated.
SUCCESS: The process "EXCEL.EXE" with PID 41208 has been terminated.
SUCCESS: The process "EXCEL.EXE" with PID 32652 has been terminated.
SUCCESS: The process "EXCEL.EXE" with PID 35756 has been terminated.
SUCCESS: The process "EXCEL.EXE" with PID 38620 has been terminated.
SUCCESS: The process "EXCEL.EXE" with PID 34328 has been terminated.
SUCCESS: The process "EXCEL.EXE" with PID 33820 has been terminated.
SUCCESS: The process "EXCEL.EXE" with PID 39388 has been terminated.
SUCCESS: The process "EXCEL.EXE" with PID 6944 has been terminated.
SUCCESS: The process "EXCEL.EXE" with PID 33104 has been terminated.
SUCCESS: The process "EXCEL.EXE" with PID 41492 has been terminated.
SUCCESS: The process "EXCEL.EXE" with PID 39376 has been terminated.
SUCCESS: The process "EXCEL.EXE" with PID 41592 has been terminated.
SUCCESS: The process "EXCEL.EXE" with PID 22184 has been terminated.
SUCCESS: The process "EXCEL.EXE" with PID 10940 has been terminated.
SUCCESS: The process "EXCEL.EXE" with PID 19700 has been terminated.
SUCCESS: The process "EXCEL.EXE" with PID 7652 has been terminated.
SUCCESS: The process "EXCEL.EXE" with PID 15148 has been terminated.
SUCCESS: The process "EXCEL.EXE" with PID 19960 has been terminated.
SUCCESS: The process "EXCEL.EXE" with PID 15868 has been terminated.
SUCCESS: The process "EXCEL.EXE" with PID 19228 has been terminated.
SUCCESS: The process "EXCEL.EXE" with PID 14388 has been terminated.
SUCCESS: The process "EXCEL.EXE" with PID 20968 has been terminated.
SUCCESS: The process "EXCEL.EXE" with PID 20328 has been terminated.
SUCCESS: The process "EXCEL.EXE" with PID 23096 has been terminated.
SUCCESS: The process "EXCEL.EXE" with PID 10908 has been terminated.
SUCCESS: The process "EXCEL.EXE" with PID 23320 has been terminated.
SUCCESS: The process "EXCEL.EXE" with PID 19712 has been terminated.
SUCCESS: The process "EXCEL.EXE" with PID 4068 has been terminated.
SUCCESS: The process "EXCEL.EXE" with PID 22192 has been terminated.
SUCCESS: The process "EXCEL.EXE" with PID 24084 has been terminated.
SUCCESS: The process "EXCEL.EXE" with PID 24344 has been terminated.
SUCCESS: The process "EXCEL.EXE" with PID 22188 has been terminated.
SUCCESS: The process "EXCEL.EXE" with PID 22832 has been terminated.
SUCCESS: The process "EXCEL.EXE" with PID 21044 has been terminated.
SUCCESS: The process "EXCEL.EXE" with PID 22312 has been terminated.
SUCCESS: The process "EXCEL.EXE" with PID 19984 has been terminated.
SUCCESS: The process "EXCEL.EXE" with PID 23464 has been terminated.
SUCCESS: The process "EXCEL.EXE" with PID 22892 has been terminated.
SUCCESS: The process "EXCEL.EXE" with PID 15068 has been terminated.
SUCCESS: The process "EXCEL.EXE" with PID 27544 has been terminated.
SUCCESS: The process "EXCEL.EXE" with PID 15672 has been terminated.
SUCCESS: The process "EXCEL.EXE" with PID 27192 has been terminated.
SUCCESS: The process "EXCEL.EXE" with PID 22312 has been terminated.
SUCCESS: The process "EXCEL.EXE" with PID 11484 has been terminated.
SUCCESS: The process "EXCEL.EXE" with PID 21348 has been terminated.
SUCCESS: The process "EXCEL.EXE" with PID 26152 has been terminated.
SUCCESS: The process "EXCEL.EXE" with PID 17992 has been terminated.
SUCCESS: The process "EXCEL.EXE" with PID 26156 has been terminated.
SUCCESS: The process "EXCEL.EXE" with PID 27596 has been terminated.
SUCCESS: The process "EXCEL.EXE" with PID 24676 has been terminated.
SUCCESS: The process "EXCEL.EXE" with PID 14948 has been terminated.
SUCCESS: The process "EXCEL.EXE" with PID 11416 has been terminated.
SUCCESS: The process "EXCEL.EXE" with PID 21524 has been terminated.
SUCCESS: The process "EXCEL.EXE" with PID 7208 has been terminated.
SUCCESS: The process "EXCEL.EXE" with PID 26724 has been terminated.
SUCCESS: The process "EXCEL.EXE" with PID 13100 has been terminated.
SUCCESS: The process "EXCEL.EXE" with PID 21744 has been terminated.
SUCCESS: The process "EXCEL.EXE" with PID 14868 has been terminated.
SUCCESS: The process "EXCEL.EXE" with PID 21708 has been terminated.
SUCCESS: The process "EXCEL.EXE" with PID 21192 has been terminated.
SUCCESS: The process "EXCEL.EXE" with PID 236 has been terminated.
SUCCESS: The process "EXCEL.EXE" with PID 26140 has been terminated.
SUCCESS: The process "EXCEL.EXE" with PID 26992 has been terminated.
SUCCESS: The process "EXCEL.EXE" with PID 23884 has been terminated.
SUCCESS: The process "EXCEL.EXE" with PID 17856 has been terminated.
SUCCESS: The process "EXCEL.EXE" with PID 3128 has been terminated.
SUCCESS: The process "EXCEL.EXE" with PID 26960 has been terminated.
SUCCESS: The process "EXCEL.EXE" with PID 18488 has been terminated.
SUCCESS: The process "EXCEL.EXE" with PID 14188 has been terminated.
SUCCESS: The process "EXCEL.EXE" with PID 23856 has been terminated.
SUCCESS: The process "EXCEL.EXE" with PID 11632 has been terminated.
SUCCESS: The process "EXCEL.EXE" with PID 5904 has been terminated.
SUCCESS: The process "EXCEL.EXE" with PID 25240 has been terminated.
SUCCESS: The process "EXCEL.EXE" with PID 20044 has been terminated.
SUCCESS: The process "EXCEL.EXE" with PID 6644 has been terminated.
SUCCESS: The process "EXCEL.EXE" with PID 540 has been terminated.
SUCCESS: The process "EXCEL.EXE" with PID 16272 has been terminated.
SUCCESS: The process "EXCEL.EXE" with PID 12420 has been terminated.
SUCCESS: The process "EXCEL.EXE" with PID 23960 has been terminated.
SUCCESS: The process "EXCEL.EXE" with PID 25344 has been terminated.
SUCCESS: The process "EXCEL.EXE" with PID 9412 has been terminated.
SUCCESS: The process "EXCEL.EXE" with PID 6460 has been terminated.
SUCCESS: The process "EXCEL.EXE" with PID 25176 has been terminated.
SUCCESS: The process "EXCEL.EXE" with PID 832 has been terminated.
SUCCESS: The process "EXCEL.EXE" with PID 24976 has been terminated.
SUCCESS: The process "EXCEL.EXE" with PID 27328 has been terminated.
SUCCESS: The process "EXCEL.EXE" with PID 19708 has been terminated.
SUCCESS: The process "EXCEL.EXE" with PID 2220 has been terminated.
SUCCESS: The process "EXCEL.EXE" with PID 12204 has been terminated.
SUCCESS: The process "EXCEL.EXE" with PID 15464 has been terminated.
SUCCESS: The process "EXCEL.EXE" with PID 2196 has been terminated.
SUCCESS: The process "EXCEL.EXE" with PID 21092 has been terminated.
SUCCESS: The process "EXCEL.EXE" with PID 8488 has been terminated.
SUCCESS: The process "EXCEL.EXE" with PID 23124 has been terminated.
SUCCESS: The process "EXCEL.EXE" with PID 23616 has been terminated.
SUCCESS: The process "EXCEL.EXE" with PID 6248 has been terminated.
SUCCESS: The process "EXCEL.EXE" with PID 10936 has been terminated.
SUCCESS: The process "EXCEL.EXE" with PID 13568 has been terminated.
SUCCESS: The process "EXCEL.EXE" with PID 22212 has been terminated.
SUCCESS: The process "EXCEL.EXE" with PID 3228 has been terminated.
SUCCESS: The process "EXCEL.EXE" with PID 7096 has been terminated.
SUCCESS: The process "EXCEL.EXE" with PID 10056 has been terminated.
SUCCESS: The process "EXCEL.EXE" with PID 24492 has been terminated.
SUCCESS: The process "EXCEL.EXE" with PID 22248 has been terminated.
SUCCESS: The process "EXCEL.EXE" with PID 4532 has been terminated.
SUCCESS: The process "EXCEL.EXE" with PID 17508 has been terminated.
SUCCESS: The process "EXCEL.EXE" with PID 13224 has been terminated.
SUCCESS: The process "EXCEL.EXE" with PID 8732 has been terminated.
SUCCESS: The process "EXCEL.EXE" with PID 8920 has been terminated.
SUCCESS: The process "EXCEL.EXE" with PID 7184 has been terminated.
SUCCESS: The process "EXCEL.EXE" with PID 25396 has been terminated.
SUCCESS: The process "EXCEL.EXE" with PID 1508 has been terminated.
SUCCESS: The process "EXCEL.EXE" with PID 16072 has been terminated.
SUCCESS: The process "EXCEL.EXE" with PID 17468 has been terminated.
SUCCESS: The process "EXCEL.EXE" with PID 24140 has been terminated.
SUCCESS: The process "EXCEL.EXE" with PID 16380 has been terminated.
SUCCESS: The process "EXCEL.EXE" with PID 21384 has been terminated.
SUCCESS: The process "EXCEL.EXE" with PID 19964 has been terminated.
SUCCESS: The process "EXCEL.EXE" with PID 22896 has been terminated.
SUCCESS: The process "EXCEL.EXE" with PID 26616 has been terminated.
SUCCESS: The process "EXCEL.EXE" with PID 25660 has been terminated.
SUCCESS: The process "EXCEL.EXE" with PID 22804 has been terminated.
SUCCESS: The process "EXCEL.EXE" with PID 16636 has been terminated.
SUCCESS: The process "EXCEL.EXE" with PID 26704 has been terminated.
SUCCESS: The process "EXCEL.EXE" with PID 27004 has been terminated.
SUCCESS: The process "EXCEL.EXE" with PID 22996 has been terminated.
SUCCESS: The process "EXCEL.EXE" with PID 5628 has been terminated.
SUCCESS: The process "EXCEL.EXE" with PID 17300 has been terminated.
SUCCESS: The process "EXCEL.EXE" with PID 9404 has been terminated.
SUCCESS: The process "EXCEL.EXE" with PID 13596 has been terminated.
SUCCESS: The process "EXCEL.EXE" with PID 9740 has been terminated.
SUCCESS: The process "EXCEL.EXE" with PID 26532 has been terminated.
SUCCESS: The process "EXCEL.EXE" with PID 23560 has been terminated.
SUCCESS: The process "EXCEL.EXE" with PID 5168 has been terminated.
SUCCESS: The process "EXCEL.EXE" with PID 17780 has been terminated.
SUCCESS: The process "EXCEL.EXE" with PID 5496 has been terminated.
SUCCESS: The process "EXCEL.EXE" with PID 22596 has been terminated.
SUCCESS: The process "EXCEL.EXE" with PID 19348 has been terminated.
SUCCESS: The process "EXCEL.EXE" with PID 17940 has been terminated.
SUCCESS: The process "EXCEL.EXE" with PID 10744 has been terminated.
SUCCESS: The process "EXCEL.EXE" with PID 13908 has been terminated.
SUCCESS: The process "EXCEL.EXE" with PID 5844 has been terminated.
SUCCESS: The process "EXCEL.EXE" with PID 16356 has been terminated.
SUCCESS: The process "EXCEL.EXE" with PID 3936 has been terminated.
SUCCESS: The process "EXCEL.EXE" with PID 25320 has been terminated.
SUCCESS: The process "EXCEL.EXE" with PID 22780 has been terminated.
SUCCESS: The process "EXCEL.EXE" with PID 1292 has been terminated.
SUCCESS: The process "EXCEL.EXE" with PID 24148 has been terminated.
SUCCESS: The process "EXCEL.EXE" with PID 24120 has been terminated.
SUCCESS: The process "EXCEL.EXE" with PID 11540 has been terminated.
SUCCESS: The process "EXCEL.EXE" with PID 13144 has been terminated.
SUCCESS: The process "EXCEL.EXE" with PID 21376 has been terminated.
SUCCESS: The process "EXCEL.EXE" with PID 17596 has been terminated.
SUCCESS: The process "EXCEL.EXE" with PID 7628 has been terminated.
SUCCESS: The process "EXCEL.EXE" with PID 16968 has been terminated.
SUCCESS: The process "EXCEL.EXE" with PID 12844 has been terminated.
SUCCESS: The process "EXCEL.EXE" with PID 12848 has been terminated.
SUCCESS: The process "EXCEL.EXE" with PID 10156 has been terminated.
SUCCESS: The process "EXCEL.EXE" with PID 2964 has been terminated.
SUCCESS: The process "EXCEL.EXE" with PID 17032 has been terminated.
SUCCESS: The process "EXCEL.EXE" with PID 7312 has been terminated.
SUCCESS: The process "EXCEL.EXE" with PID 17388 has been terminated.
SUCCESS: The process "EXCEL.EXE" with PID 13880 has been terminated.
SUCCESS: The process "EXCEL.EXE" with PID 6724 has been terminated.
SUCCESS: The process "EXCEL.EXE" with PID 16168 has been terminated.
SUCCESS: The process "EXCEL.EXE" with PID 620 has been terminated.
SUCCESS: The process "EXCEL.EXE" with PID 18416 has been terminated.
SUCCESS: The process "EXCEL.EXE" with PID 17460 has been terminated.
SUCCESS: The process "EXCEL.EXE" with PID 6976 has been terminated.
SUCCESS: The process "EXCEL.EXE" with PID 6456 has been terminated.
SUCCESS: The process "EXCEL.EXE" with PID 12432 has been terminated.
SUCCESS: The process "EXCEL.EXE" with PID 16448 has been terminated.
SUCCESS: The process "EXCEL.EXE" with PID 18312 has been terminated.
SUCCESS: The process "EXCEL.EXE" with PID 13304 has been terminated.
SUCCESS: The process "EXCEL.EXE" with PID 15848 has been terminated.
SUCCESS: The process "EXCEL.EXE" with PID 3652 has been terminated.
SUCCESS: The process "EXCEL.EXE" with PID 11704 has been terminated.
SUCCESS: The process "EXCEL.EXE" with PID 12048 has been terminated.
SUCCESS: The process "EXCEL.EXE" with PID 3564 has been terminated.
SUCCESS: The process "EXCEL.EXE" with PID 15616 has been terminated.
SUCCESS: The process "EXCEL.EXE" with PID 16336 has been terminated.
SUCCESS: The process "EXCEL.EXE" with PID 17532 has been terminated.
SUCCESS: The process "EXCEL.EXE" with PID 13652 has been terminated.
SUCCESS: The process "EXCEL.EXE" with PID 17204 has been terminated.
SUCCESS: The process "EXCEL.EXE" with PID 9340 has been terminated.
SUCCESS: The process "EXCEL.EXE" with PID 17748 has been terminated.
SUCCESS: The process "EXCEL.EXE" with PID 3940 has been terminated.
SUCCESS: The process "EXCEL.EXE" with PID 11036 has been terminated.
SUCCESS: The process "EXCEL.EXE" with PID 12768 has been terminated.
SUCCESS: The process "EXCEL.EXE" with PID 3284 has been terminated.
SUCCESS: The process "EXCEL.EXE" with PID 10768 has been terminated.
SUCCESS: The process "EXCEL.EXE" with PID 9192 has been terminated.
SUCCESS: The process "EXCEL.EXE" with PID 16060 has been terminated.
SUCCESS: The process "EXCEL.EXE" with PID 3872 has been terminated.
SUCCESS: The process "EXCEL.EXE" with PID 16120 has been terminated.
SUCCESS: The process "EXCEL.EXE" with PID 4464 has been terminated.
SUCCESS: The process "EXCEL.EXE" with PID 9708 has been terminated.
SUCCESS: The process "EXCEL.EXE" with PID 17468 has been terminated.
SUCCESS: The process "EXCEL.EXE" with PID 12772 has been terminated.
SUCCESS: The process "EXCEL.EXE" with PID 4284 has been terminated.
SUCCESS: The process "EXCEL.EXE" with PID 18208 has been terminated.
SUCCESS: The process "EXCEL.EXE" with PID 16580 has been terminated.
SUCCESS: The process "EXCEL.EXE" with PID 16776 has been terminated.
SUCCESS: The process "EXCEL.EXE" with PID 15712 has been terminated.
SUCCESS: The process "EXCEL.EXE" with PID 15860 has been terminated.
SUCCESS: The process "EXCEL.EXE" with PID 12576 has been terminated.
SUCCESS: The process "EXCEL.EXE" with PID 12756 has been terminated.
SUCCESS: The process "EXCEL.EXE" with PID 11060 has been terminated.
SUCCESS: The process "EXCEL.EXE" with PID 16444 has been terminated.
SUCCESS: The process "EXCEL.EXE" with PID 12860 has been terminated.
SUCCESS: The process "EXCEL.EXE" with PID 664 has been terminated.
SUCCESS: The process "EXCEL.EXE" with PID 14380 has been terminated.
SUCCESS: The process "EXCEL.EXE" with PID 3964 has been terminated.
SUCCESS: The process "EXCEL.EXE" with PID 16924 has been terminated.
SUCCESS: The process "EXCEL.EXE" with PID 14236 has been terminated.
SUCCESS: The process "EXCEL.EXE" with PID 9428 has been terminated.
SUCCESS: The process "EXCEL.EXE" with PID 18360 has been terminated.
SUCCESS: The process "EXCEL.EXE" with PID 12420 has been terminated.
SUCCESS: The process "EXCEL.EXE" with PID 17036 has been terminated.
SUCCESS: The process "EXCEL.EXE" with PID 7508 has been terminated.
SUCCESS: The process "EXCEL.EXE" with PID 17412 has been terminated.
SUCCESS: The process "EXCEL.EXE" with PID 14924 has been terminated.
SUCCESS: The process "EXCEL.EXE" with PID 16620 has been terminated.
SUCCESS: The process "EXCEL.EXE" with PID 16856 has been terminated.
SUCCESS: The process "EXCEL.EXE" with PID 13880 has been terminated.
SUCCESS: The process "EXCEL.EXE" with PID 16780 has been terminated.
SUCCESS: The process "EXCEL.EXE" with PID 13476 has been terminated.
SUCCESS: The process "EXCEL.EXE" with PID 1828 has been terminated.
SUCCESS: The process "EXCEL.EXE" with PID 14036 has been terminated.
SUCCESS: The process "EXCEL.EXE" with PID 14488 has been terminated.
SUCCESS: The process "EXCEL.EXE" with PID 6480 has been terminated.
SUCCESS: The process "EXCEL.EXE" with PID 15968 has been terminated.
SUCCESS: The process "EXCEL.EXE" with PID 14204 has been terminated.
SUCCESS: The process "EXCEL.EXE" with PID 2412 has been terminated.
SUCCESS: The process "EXCEL.EXE" with PID 11424 has been terminated.
SUCCESS: The process "EXCEL.EXE" with PID 16400 has been terminated.
SUCCESS: The process "EXCEL.EXE" with PID 5416 has been terminated.
SUCCESS: The process "EXCEL.EXE" with PID 17816 has been terminated.
SUCCESS: The process "EXCEL.EXE" with PID 16520 has been terminated.
SUCCESS: The process "EXCEL.EXE" with PID 18368 has been terminated.
SUCCESS: The process "EXCEL.EXE" with PID 1360 has been terminated.
SUCCESS: The process "EXCEL.EXE" with PID 19132 has been terminated.
SUCCESS: The process "EXCEL.EXE" with PID 14972 has been terminated.
SUCCESS: The process "EXCEL.EXE" with PID 4328 has been terminated.
SUCCESS: The process "EXCEL.EXE" with PID 3320 has been terminated.
SUCCESS: The process "EXCEL.EXE" with PID 14600 has been terminated.
SUCCESS: The process "EXCEL.EXE" with PID 14928 has been terminated.
SUCCESS: The process "EXCEL.EXE" with PID 4948 has been terminated.
SUCCESS: The process "EXCEL.EXE" with PID 17744 has been terminated.
SUCCESS: The process "EXCEL.EXE" with PID 13916 has been terminated.
SUCCESS: The process "EXCEL.EXE" with PID 19108 has been terminated.
SUCCESS: The process "EXCEL.EXE" with PID 14716 has been terminated.
SUCCESS: The process "EXCEL.EXE" with PID 4348 has been terminated.
SUCCESS: The process "EXCEL.EXE" with PID 16360 has been terminated.
SUCCESS: The process "EXCEL.EXE" with PID 18820 has been terminated.
SUCCESS: The process "EXCEL.EXE" with PID 15284 has been terminated.
SUCCESS: The process "EXCEL.EXE" with PID 8152 has been terminated.
SUCCESS: The process "EXCEL.EXE" with PID 7308 has been terminated.
SUCCESS: The process "EXCEL.EXE" with PID 11156 has been terminated.
SUCCESS: The process "EXCEL.EXE" with PID 18936 has been terminated.
SUCCESS: The process "EXCEL.EXE" with PID 16536 has been terminated.
SUCCESS: The process "EXCEL.EXE" with PID 4984 has been terminated.
SUCCESS: The process "EXCEL.EXE" with PID 19144 has been terminated.
SUCCESS: The process "EXCEL.EXE" with PID 14288 has been terminated.
SUCCESS: The process "EXCEL.EXE" with PID 16728 has been terminated.
SUCCESS: The process "EXCEL.EXE" with PID 13880 has been terminated.
SUCCESS: The process "EXCEL.EXE" with PID 13956 has been terminated.
SUCCESS: The process "EXCEL.EXE" with PID 18616 has been terminated.
SUCCESS: The process "EXCEL.EXE" with PID 3120 has been terminated.
SUCCESS: The process "EXCEL.EXE" with PID 11628 has been terminated.
SUCCESS: The process "EXCEL.EXE" with PID 17180 has been terminated.
SUCCESS: The process "EXCEL.EXE" with PID 11060 has been terminated.
SUCCESS: The process "EXCEL.EXE" with PID 19240 has been terminated.
SUCCESS: The process "EXCEL.EXE" with PID 12576 has been terminated.
SUCCESS: The process "EXCEL.EXE" with PID 18008 has been terminated.
SUCCESS: The process "EXCEL.EXE" with PID 18636 has been terminated.
SUCCESS: The process "EXCEL.EXE" with PID 16332 has been terminated.
SUCCESS: The process "EXCEL.EXE" with PID 4288 has been terminated.
SUCCESS: The process "EXCEL.EXE" with PID 17708 has been terminated.
SUCCESS: The process "EXCEL.EXE" with PID 19296 has been terminated.
SUCCESS: The process "EXCEL.EXE" with PID 12960 has been terminated.
SUCCESS: The process "EXCEL.EXE" with PID 18544 has been terminated.
SUCCESS: The process "EXCEL.EXE" with PID 9112 has been terminated.
SUCCESS: The process "EXCEL.EXE" with PID 19248 has been terminated.
SUCCESS: The process "EXCEL.EXE" with PID 19488 has been terminated.
SUCCESS: The process "EXCEL.EXE" with PID 16264 has been terminated.
SUCCESS: The process "EXCEL.EXE" with PID 2756 has been terminated.
SUCCESS: The process "EXCEL.EXE" with PID 16976 has been terminated.
SUCCESS: The process "EXCEL.EXE" with PID 13692 has been terminated.
SUCCESS: The process "EXCEL.EXE" with PID 18208 has been terminated.
SUCCESS: The process "EXCEL.EXE" with PID 11248 has been terminated.
SUCCESS: The process "EXCEL.EXE" with PID 13720 has been terminated.
SUCCESS: The process "EXCEL.EXE" with PID 16992 has been terminated.
SUCCESS: The process "EXCEL.EXE" with PID 15224 has been terminated.
SUCCESS: The process "EXCEL.EXE" with PID 20376 has been terminated.
SUCCESS: The process "EXCEL.EXE" with PID 10524 has been terminated.
SUCCESS: The process "EXCEL.EXE" with PID 13456 has been terminated.
SUCCESS: The process "EXCEL.EXE" with PID 9500 has been terminated.
SUCCESS: The process "EXCEL.EXE" with PID 11920 has been terminated.
SUCCESS: The process "EXCEL.EXE" with PID 9468 has been terminated.
SUCCESS: The process "EXCEL.EXE" with PID 19136 has been terminated.
SUCCESS: The process "EXCEL.EXE" with PID 14868 has been terminated.
SUCCESS: The process "EXCEL.EXE" with PID 9488 has been terminated.
SUCCESS: The process "EXCEL.EXE" with PID 7820 has been terminated.
SUCCESS: The process "EXCEL.EXE" with PID 11220 has been terminated.
SUCCESS: The process "EXCEL.EXE" with PID 1496 has been terminated.
SUCCESS: The process "EXCEL.EXE" with PID 15796 has been terminated.
SUCCESS: The process "EXCEL.EXE" with PID 17064 has been terminated.
SUCCESS: The process "EXCEL.EXE" with PID 3024 has been terminated.
SUCCESS: The process "EXCEL.EXE" with PID 16676 has been terminated.
SUCCESS: The process "EXCEL.EXE" with PID 5620 has been terminated.
SUCCESS: The process "EXCEL.EXE" with PID 13276 has been terminated.
SUCCESS: The process "EXCEL.EXE" with PID 16600 has been terminated.
SUCCESS: The process "EXCEL.EXE" with PID 17924 has been terminated.
SUCCESS: The process "EXCEL.EXE" with PID 12572 has been terminated.
SUCCESS: The process "EXCEL.EXE" with PID 13496 has been terminated.
SUCCESS: The process "EXCEL.EXE" with PID 18756 has been terminated.
SUCCESS: The process "EXCEL.EXE" with PID 18384 has been terminated.
SUCCESS: The process "EXCEL.EXE" with PID 19120 has been terminated.
SUCCESS: The process "EXCEL.EXE" with PID 18528 has been terminated.
SUCCESS: The process "EXCEL.EXE" with PID 15852 has been terminated.
SUCCESS: The process "EXCEL.EXE" with PID 11748 has been terminated.
SUCCESS: The process "EXCEL.EXE" with PID 14368 has been terminated.
SUCCESS: The process "EXCEL.EXE" with PID 8500 has been terminated.
SUCCESS: The process "EXCEL.EXE" with PID 15644 has been terminated.
SUCCESS: The process "EXCEL.EXE" with PID 18208 has been terminated.
SUCCESS: The process "EXCEL.EXE" with PID 11420 has been terminated.
SUCCESS: The process "EXCEL.EXE" with PID 18456 has been terminated.
SUCCESS: The process "EXCEL.EXE" with PID 15740 has been terminated.
SUCCESS: The process "EXCEL.EXE" with PID 2972 has been terminated.
SUCCESS: The process "EXCEL.EXE" with PID 14380 has been terminated.
SUCCESS: The process "EXCEL.EXE" with PID 18080 has been terminated.
SUCCESS: The process "EXCEL.EXE" with PID 16332 has been terminated.
SUCCESS: The process "EXCEL.EXE" with PID 14248 has been terminated.
SUCCESS: The process "EXCEL.EXE" with PID 16448 has been terminated.
SUCCESS: The process "EXCEL.EXE" with PID 18116 has been terminated.
SUCCESS: The process "EXCEL.EXE" with PID 2448 has been terminated.
SUCCESS: The process "EXCEL.EXE" with PID 15636 has been terminated.
SUCCESS: The process "EXCEL.EXE" with PID 8712 has been terminated.
SUCCESS: The process "EXCEL.EXE" with PID 9768 has been terminated.
SUCCESS: The process "EXCEL.EXE" with PID 14308 has been terminated.
